\BOOKMARK [1][-]{section*.4}{\376\377\000E\000x\000e\000c\000u\000t\000i\000v\000e\000\040\000S\000u\000m\000m\000a\000r\000y}{}% 1
\BOOKMARK [1][-]{section.1}{\376\377\000I\000n\000t\000r\000o\000d\000u\000c\000t\000i\000o\000n}{}% 2
\BOOKMARK [1][-]{section.2}{\376\377\000T\000h\000e\000\040\000S\000t\000a\000n\000d\000a\000r\000d\000s\000\040\000S\000t\000a\000c\000k}{}% 3
\BOOKMARK [2][-]{subsection.2.1}{\376\377\000T\000h\000e\000\040\000U\000n\000d\000e\000r\000l\000y\000i\000n\000g\000\040\000T\000r\000a\000n\000s\000p\000o\000r\000t\000:\000\040\000U\000D\000P}{section.2}% 4
\BOOKMARK [2][-]{subsection.2.2}{\376\377\000W\000e\000b\000R\000T\000C\000:\000\040\000P\000e\000e\000r\000-\000t\000o\000-\000P\000e\000e\000r\000\040\000M\000e\000d\000i\000a\000\040\000i\000n\000\040\000t\000h\000e\000\040\000B\000r\000o\000w\000s\000e\000r}{section.2}% 5
\BOOKMARK [3][-]{subsubsection.2.2.1}{\376\377\000F\000i\000n\000d\000i\000n\000g\000\040\000a\000\040\000P\000a\000t\000h\000:\000\040\000I\000C\000E\000,\000\040\000S\000T\000U\000N\000,\000\040\000a\000n\000d\000\040\000T\000U\000R\000N}{subsection.2.2}% 6
\BOOKMARK [3][-]{subsubsection.2.2.2}{\376\377\000A\000g\000r\000e\000e\000i\000n\000g\000\040\000W\000h\000a\000t\000\040\000t\000o\000\040\000S\000e\000n\000d\000:\000\040\000S\000D\000P\000,\000\040\000J\000S\000E\000P\000,\000\040\000a\000n\000d\000\040\000S\000i\000g\000n\000a\000l\000i\000n\000g}{subsection.2.2}% 7
\BOOKMARK [3][-]{subsubsection.2.2.3}{\376\377\000E\000n\000c\000r\000y\000p\000t\000i\000n\000g\000\040\000t\000h\000e\000\040\000M\000e\000d\000i\000a\000:\000\040\000D\000T\000L\000S\000\040\000a\000n\000d\000\040\000S\000R\000T\000P}{subsection.2.2}% 8
\BOOKMARK [3][-]{subsubsection.2.2.4}{\376\377\000C\000a\000r\000r\000y\000i\000n\000g\000\040\000t\000h\000e\000\040\000M\000e\000d\000i\000a\000:\000\040\000R\000T\000P\000\040\000a\000n\000d\000\040\000R\000T\000C\000P}{subsection.2.2}% 9
\BOOKMARK [3][-]{subsubsection.2.2.5}{\376\377\000T\000h\000e\000\040\000W\000e\000b\000R\000T\000C\000\040\000S\000e\000c\000u\000r\000i\000t\000y\000\040\000M\000o\000d\000e\000l}{subsection.2.2}% 10
\BOOKMARK [3][-]{subsubsection.2.2.6}{\376\377\000P\000u\000t\000t\000i\000n\000g\000\040\000I\000t\000\040\000T\000o\000g\000e\000t\000h\000e\000r\000:\000\040\000A\000\040\000W\000e\000b\000R\000T\000C\000\040\000C\000a\000l\000l\000\040\000S\000e\000q\000u\000e\000n\000c\000e}{subsection.2.2}% 11
\BOOKMARK [2][-]{subsection.2.3}{\376\377\000Q\000U\000I\000C\000:\000\040\000A\000\040\000M\000o\000d\000e\000r\000n\000\040\000T\000r\000a\000n\000s\000p\000o\000r\000t\000\040\000P\000r\000o\000t\000o\000c\000o\000l}{section.2}% 12
\BOOKMARK [2][-]{subsection.2.4}{\376\377\000H\000T\000T\000P\000/\0003\000:\000\040\000H\000T\000T\000P\000\040\000o\000v\000e\000r\000\040\000Q\000U\000I\000C}{section.2}% 13
\BOOKMARK [2][-]{subsection.2.5}{\376\377\000W\000e\000b\000T\000r\000a\000n\000s\000p\000o\000r\000t\000:\000\040\000Q\000U\000I\000C\000\040\000C\000a\000p\000a\000b\000i\000l\000i\000t\000i\000e\000s\000\040\000f\000o\000r\000\040\000B\000r\000o\000w\000s\000e\000r\000\040\000A\000p\000p\000l\000i\000c\000a\000t\000i\000o\000n\000s}{section.2}% 14
\BOOKMARK [2][-]{subsection.2.6}{\376\377\000W\000e\000b\000C\000o\000d\000e\000c\000s\000:\000\040\000D\000i\000r\000e\000c\000t\000\040\000C\000o\000d\000e\000c\000\040\000A\000c\000c\000e\000s\000s}{section.2}% 15
\BOOKMARK [2][-]{subsection.2.7}{\376\377\000H\000o\000w\000\040\000t\000h\000e\000\040\000S\000t\000a\000n\000d\000a\000r\000d\000s\000\040\000I\000n\000t\000e\000r\000a\000c\000t}{section.2}% 16
\BOOKMARK [1][-]{section.3}{\376\377\000W\000e\000b\000R\000T\000C}{}% 17
\BOOKMARK [2][-]{subsection.3.1}{\376\377\000L\000a\000t\000e\000\040\0002\0000\0002\0001}{section.3}% 18
\BOOKMARK [2][-]{subsection.3.2}{\376\377\000M\000a\000r\000c\000h\000\040\0002\0000\0002\0006}{section.3}% 19
\BOOKMARK [1][-]{section.4}{\376\377\000Q\000U\000I\000C}{}% 20
\BOOKMARK [2][-]{subsection.4.1}{\376\377\000L\000a\000t\000e\000\040\0002\0000\0002\0001}{section.4}% 21
\BOOKMARK [2][-]{subsection.4.2}{\376\377\000M\000a\000r\000c\000h\000\040\0002\0000\0002\0006}{section.4}% 22
\BOOKMARK [1][-]{section.5}{\376\377\000H\000T\000T\000P\000/\0003}{}% 23
\BOOKMARK [2][-]{subsection.5.1}{\376\377\000L\000a\000t\000e\000\040\0002\0000\0002\0001}{section.5}% 24
\BOOKMARK [2][-]{subsection.5.2}{\376\377\000M\000a\000r\000c\000h\000\040\0002\0000\0002\0006}{section.5}% 25
\BOOKMARK [1][-]{section.6}{\376\377\000W\000e\000b\000T\000r\000a\000n\000s\000p\000o\000r\000t}{}% 26
\BOOKMARK [2][-]{subsection.6.1}{\376\377\000L\000a\000t\000e\000\040\0002\0000\0002\0001}{section.6}% 27
\BOOKMARK [2][-]{subsection.6.2}{\376\377\000M\000a\000r\000c\000h\000\040\0002\0000\0002\0006}{section.6}% 28
\BOOKMARK [1][-]{section.7}{\376\377\000W\000e\000b\000C\000o\000d\000e\000c\000s}{}% 29
\BOOKMARK [2][-]{subsection.7.1}{\376\377\000L\000a\000t\000e\000\040\0002\0000\0002\0001}{section.7}% 30
\BOOKMARK [2][-]{subsection.7.2}{\376\377\000M\000a\000r\000c\000h\000\040\0002\0000\0002\0006}{section.7}% 31
\BOOKMARK [1][-]{section.8}{\376\377\000L\000o\000o\000k\000i\000n\000g\000\040\000A\000h\000e\000a\000d\000:\000\040\0002\0000\0002\0008\040\023\0002\0000\0002\0009\000\040\000\050\000T\000w\000o\000\040\000t\000o\000\040\000T\000h\000r\000e\000e\000\040\000Y\000e\000a\000r\000s\000\051}{}% 32
\BOOKMARK [2][-]{subsection.8.1}{\376\377\000W\000e\000b\000C\000o\000d\000e\000c\000s\000\040\000R\000e\000a\000c\000h\000e\000s\000\040\000W\0003\000C\000\040\000R\000e\000c\000o\000m\000m\000e\000n\000d\000a\000t\000i\000o\000n}{section.8}% 33
\BOOKMARK [2][-]{subsection.8.2}{\376\377\000W\000e\000b\000T\000r\000a\000n\000s\000p\000o\000r\000t\000\040\000A\000c\000h\000i\000e\000v\000e\000s\000\040\000U\000n\000i\000v\000e\000r\000s\000a\000l\000\040\000B\000r\000o\000w\000s\000e\000r\000\040\000S\000u\000p\000p\000o\000r\000t}{section.8}% 34
\BOOKMARK [2][-]{subsection.8.3}{\376\377\000W\000e\000b\000R\000T\000C\000\040\000E\000n\000c\000o\000d\000e\000d\000\040\000T\000r\000a\000n\000s\000f\000o\000r\000m\000s\000\040\000B\000e\000c\000o\000m\000e\000\040\000C\000r\000o\000s\000s\000-\000B\000r\000o\000w\000s\000e\000r}{section.8}% 35
\BOOKMARK [2][-]{subsection.8.4}{\376\377\000A\000V\0001\000\040\000B\000e\000c\000o\000m\000e\000s\000\040\000a\000\040\000P\000r\000a\000c\000t\000i\000c\000a\000l\000\040\000W\000e\000b\000R\000T\000C\000\040\000C\000o\000d\000e\000c}{section.8}% 36
\BOOKMARK [2][-]{subsection.8.5}{\376\377\000M\000e\000d\000i\000a\000\040\000o\000v\000e\000r\000\040\000Q\000U\000I\000C\000\040\000R\000e\000a\000c\000h\000e\000s\000\040\000R\000F\000C\000\040\000S\000t\000a\000t\000u\000s}{section.8}% 37
\BOOKMARK [2][-]{subsection.8.6}{\376\377\000R\000T\000P\000\040\000o\000v\000e\000r\000\040\000Q\000U\000I\000C\000\040\000R\000e\000a\000c\000h\000e\000s\000\040\000R\000F\000C\000\040\000S\000t\000a\000t\000u\000s}{section.8}% 38
\BOOKMARK [2][-]{subsection.8.7}{\376\377\000H\000a\000r\000d\000w\000a\000r\000e\000\040\000a\000n\000d\000\040\000N\000e\000t\000w\000o\000r\000k\000\040\000C\000o\000n\000t\000e\000x\000t}{section.8}% 39
\BOOKMARK [1][-]{section.9}{\376\377\000L\000o\000o\000k\000i\000n\000g\000\040\000A\000h\000e\000a\000d\000:\000\040\0002\0000\0002\0009\040\023\0002\0000\0003\0001\000\040\000\050\000T\000h\000r\000e\000e\000\040\000t\000o\000\040\000F\000i\000v\000e\000\040\000Y\000e\000a\000r\000s\000\051}{}% 40
\BOOKMARK [2][-]{subsection.9.1}{\376\377\000T\000h\000e\000\040\000`\000`\000U\000n\000b\000u\000n\000d\000l\000e\000d\000'\000'\000\040\000A\000r\000c\000h\000i\000t\000e\000c\000t\000u\000r\000e\000\040\000B\000e\000c\000o\000m\000e\000s\000\040\000V\000i\000a\000b\000l\000e}{section.9}% 41
\BOOKMARK [2][-]{subsection.9.2}{\376\377\000M\000o\000Q\000\040\000E\000n\000a\000b\000l\000e\000s\000\040\000S\000t\000a\000n\000d\000a\000r\000d\000s\000-\000B\000a\000s\000e\000d\000\040\000L\000o\000w\000-\000L\000a\000t\000e\000n\000c\000y\000\040\000S\000t\000r\000e\000a\000m\000i\000n\000g}{section.9}% 42
\BOOKMARK [2][-]{subsection.9.3}{\376\377\000A\000V\0001\000\040\000a\000s\000\040\000t\000h\000e\000\040\000D\000e\000f\000a\000u\000l\000t\000\040\000W\000e\000b\000R\000T\000C\000\040\000C\000o\000d\000e\000c}{section.9}% 43
\BOOKMARK [2][-]{subsection.9.4}{\376\377\000Q\000U\000I\000C\000\040\000v\0002\000\040\000T\000r\000a\000n\000s\000p\000a\000r\000e\000n\000t\000\040\000A\000d\000o\000p\000t\000i\000o\000n}{section.9}% 44
\BOOKMARK [2][-]{subsection.9.5}{\376\377\000N\000o\000\040\000W\000e\000b\000R\000T\000C\000\040\0002\000.\0000}{section.9}% 45
\BOOKMARK [2][-]{subsection.9.6}{\376\377\000H\000a\000r\000d\000w\000a\000r\000e\000\040\000a\000n\000d\000\040\000N\000e\000t\000w\000o\000r\000k\000\040\000C\000o\000n\000t\000e\000x\000t}{section.9}% 46
\BOOKMARK [1][-]{section.10}{\376\377\000S\000u\000m\000m\000a\000r\000y}{}% 47
\BOOKMARK [1][-]{section.11}{\376\377\000C\000o\000n\000c\000l\000u\000s\000i\000o\000n}{}% 48
\BOOKMARK [1][-]{appendix.A}{\376\377\000I\000n\000f\000o\000r\000m\000a\000t\000i\000o\000n\000-\000T\000h\000e\000o\000r\000e\000t\000i\000c\000\040\000V\000i\000e\000w}{}% 49
\BOOKMARK [2][-]{subsection.A.1}{\376\377\000C\000h\000a\000n\000n\000e\000l\000\040\000C\000a\000p\000a\000c\000i\000t\000y\000\040\000o\000f\000\040\000t\000h\000e\000\040\000T\000r\000a\000n\000s\000p\000o\000r\000t\000\040\000L\000a\000y\000e\000r}{appendix.A}% 50
\BOOKMARK [3][-]{subsubsection.A.1.1}{\376\377\000H\000e\000a\000d\000-\000o\000f\000-\000L\000i\000n\000e\000\040\000B\000l\000o\000c\000k\000i\000n\000g\000\040\000a\000n\000d\000\040\000M\000u\000l\000t\000i\000p\000l\000e\000x\000e\000d\000\040\000C\000a\000p\000a\000c\000i\000t\000y}{subsection.A.1}% 51
\BOOKMARK [3][-]{subsubsection.A.1.2}{\376\377\000C\000o\000n\000n\000e\000c\000t\000i\000o\000n\000\040\000E\000s\000t\000a\000b\000l\000i\000s\000h\000m\000e\000n\000t\000\040\000L\000a\000t\000e\000n\000c\000y}{subsection.A.1}% 52
\BOOKMARK [2][-]{subsection.A.2}{\376\377\000S\000o\000u\000r\000c\000e\000\040\000C\000o\000d\000i\000n\000g\000\040\000E\000f\000f\000i\000c\000i\000e\000n\000c\000y}{appendix.A}% 53
\BOOKMARK [3][-]{subsubsection.A.2.1}{\376\377\000C\000o\000d\000e\000c\000\040\000E\000n\000t\000r\000o\000p\000y\000\040\000a\000n\000d\000\040\000W\000e\000b\000C\000o\000d\000e\000c\000s}{subsection.A.2}% 54
\BOOKMARK [2][-]{subsection.A.3}{\376\377\000E\000f\000f\000e\000c\000t\000i\000v\000e\000\040\000I\000n\000f\000o\000r\000m\000a\000t\000i\000o\000n\000\040\000R\000a\000t\000e\000\040\000b\000y\000\040\000T\000i\000m\000e\000\040\000H\000o\000r\000i\000z\000o\000n}{appendix.A}% 55
\BOOKMARK [2][-]{subsection.A.4}{\376\377\000S\000e\000c\000u\000r\000i\000t\000y\000\040\000E\000n\000t\000r\000o\000p\000y\000\040\000a\000n\000d\000\040\000K\000e\000y\000\040\000S\000p\000a\000c\000e}{appendix.A}% 56
\BOOKMARK [3][-]{subsubsection.A.4.1}{\376\377\000E\000n\000d\000-\000t\000o\000-\000E\000n\000d\000\040\000E\000n\000c\000r\000y\000p\000t\000i\000o\000n\000\040\000v\000i\000a\000\040\000E\000n\000c\000o\000d\000e\000d\000\040\000T\000r\000a\000n\000s\000f\000o\000r\000m\000s}{subsection.A.4}% 57
\BOOKMARK [2][-]{subsection.A.5}{\376\377\000W\000e\000b\000T\000r\000a\000n\000s\000p\000o\000r\000t\000:\000\040\000U\000n\000r\000e\000l\000i\000a\000b\000l\000e\000\040\000D\000a\000t\000a\000g\000r\000a\000m\000s\000\040\000a\000n\000d\000\040\000C\000h\000a\000n\000n\000e\000l\000\040\000C\000a\000p\000a\000c\000i\000t\000y}{appendix.A}% 58
\BOOKMARK [2][-]{subsection.A.6}{\376\377\000P\000r\000o\000j\000e\000c\000t\000i\000o\000n\000s\000\040\000S\000u\000m\000m\000a\000r\000y\000\040\000a\000n\000d\000\040\000P\000r\000a\000c\000t\000i\000c\000a\000l\000\040\000I\000m\000p\000l\000i\000c\000a\000t\000i\000o\000n\000s}{appendix.A}% 59
\BOOKMARK [3][-]{subsubsection.A.6.1}{\376\377\000W\000h\000a\000t\000\040\000t\000h\000e\000\040\000T\000h\000e\000o\000r\000y\000\040\000M\000e\000a\000n\000s\000\040\000f\000o\000r\000\040\000A\000p\000p\000l\000i\000c\000a\000t\000i\000o\000n\000s}{subsection.A.6}% 60
\BOOKMARK [1][-]{appendix.B}{\376\377\000V\000i\000d\000e\000o\000\040\000C\000o\000m\000p\000r\000e\000s\000s\000i\000o\000n\000\040\000F\000u\000n\000d\000a\000m\000e\000n\000t\000a\000l\000s}{}% 61
\BOOKMARK [2][-]{subsection.B.1}{\376\377\000W\000h\000y\000\040\000V\000i\000d\000e\000o\000\040\000I\000s\000\040\000C\000o\000m\000p\000r\000e\000s\000s\000i\000b\000l\000e}{appendix.B}% 62
\BOOKMARK [3][-]{subsubsection.B.1.1}{\376\377\000S\000p\000a\000t\000i\000a\000l\000\040\000R\000e\000d\000u\000n\000d\000a\000n\000c\000y}{subsection.B.1}% 63
\BOOKMARK [3][-]{subsubsection.B.1.2}{\376\377\000T\000e\000m\000p\000o\000r\000a\000l\000\040\000R\000e\000d\000u\000n\000d\000a\000n\000c\000y}{subsection.B.1}% 64
\BOOKMARK [3][-]{subsubsection.B.1.3}{\376\377\000P\000e\000r\000c\000e\000p\000t\000u\000a\000l\000\040\000I\000r\000r\000e\000l\000e\000v\000a\000n\000c\000e}{subsection.B.1}% 65
\BOOKMARK [3][-]{subsubsection.B.1.4}{\376\377\000T\000h\000e\000\040\000C\000o\000m\000p\000r\000e\000s\000s\000i\000o\000n\000\040\000I\000m\000p\000e\000r\000a\000t\000i\000v\000e}{subsection.B.1}% 66
\BOOKMARK [2][-]{subsection.B.2}{\376\377\000T\000h\000e\000\040\000H\000y\000b\000r\000i\000d\000\040\000C\000o\000d\000i\000n\000g\000\040\000F\000r\000a\000m\000e\000w\000o\000r\000k}{appendix.B}% 67
\BOOKMARK [3][-]{subsubsection.B.2.1}{\376\377\000E\000n\000c\000o\000d\000e\000r\000\040\000S\000i\000g\000n\000a\000l\000\040\000F\000l\000o\000w}{subsection.B.2}% 68
\BOOKMARK [3][-]{subsubsection.B.2.2}{\376\377\000R\000a\000t\000e\000-\000D\000i\000s\000t\000o\000r\000t\000i\000o\000n\000\040\000O\000p\000t\000i\000m\000i\000z\000a\000t\000i\000o\000n}{subsection.B.2}% 69
\BOOKMARK [2][-]{subsection.B.3}{\376\377\000T\000r\000a\000n\000s\000f\000o\000r\000m\000s}{appendix.B}% 70
\BOOKMARK [3][-]{subsubsection.B.3.1}{\376\377\000T\000h\000e\000\040\000K\000L\000T\000\040\000a\000n\000d\000\040\000I\000t\000s\000\040\000D\000C\000T\000\040\000A\000p\000p\000r\000o\000x\000i\000m\000a\000t\000i\000o\000n}{subsection.B.3}% 71
\BOOKMARK [3][-]{subsubsection.B.3.2}{\376\377\000I\000n\000t\000e\000g\000e\000r\000\040\000T\000r\000a\000n\000s\000f\000o\000r\000m\000s\000\040\000i\000n\000\040\000P\000r\000a\000c\000t\000i\000c\000e}{subsection.B.3}% 72
\BOOKMARK [2][-]{subsection.B.4}{\376\377\000M\000o\000t\000i\000o\000n\000\040\000E\000s\000t\000i\000m\000a\000t\000i\000o\000n\000\040\000a\000n\000d\000\040\000I\000n\000t\000e\000r\000\040\000P\000r\000e\000d\000i\000c\000t\000i\000o\000n}{appendix.B}% 73
\BOOKMARK [3][-]{subsubsection.B.4.1}{\376\377\000B\000l\000o\000c\000k\000\040\000M\000a\000t\000c\000h\000i\000n\000g\000\040\000a\000n\000d\000\040\000M\000o\000t\000i\000o\000n\000\040\000V\000e\000c\000t\000o\000r\000s}{subsection.B.4}% 74
\BOOKMARK [3][-]{subsubsection.B.4.2}{\376\377\000S\000u\000b\000-\000P\000i\000x\000e\000l\000\040\000I\000n\000t\000e\000r\000p\000o\000l\000a\000t\000i\000o\000n}{subsection.B.4}% 75
\BOOKMARK [3][-]{subsubsection.B.4.3}{\376\377\000A\000d\000v\000a\000n\000c\000e\000d\000\040\000I\000n\000t\000e\000r\000\040\000P\000r\000e\000d\000i\000c\000t\000i\000o\000n\000\040\000T\000o\000o\000l\000s}{subsection.B.4}% 76
\BOOKMARK [2][-]{subsection.B.5}{\376\377\000Q\000u\000a\000n\000t\000i\000z\000a\000t\000i\000o\000n}{appendix.B}% 77
\BOOKMARK [3][-]{subsubsection.B.5.1}{\376\377\000S\000c\000a\000l\000a\000r\000\040\000Q\000u\000a\000n\000t\000i\000z\000a\000t\000i\000o\000n}{subsection.B.5}% 78
\BOOKMARK [3][-]{subsubsection.B.5.2}{\376\377\000Q\000P\000-\000t\000o\000-\000S\000t\000e\000p\000-\000S\000i\000z\000e\000\040\000M\000a\000p\000p\000i\000n\000g}{subsection.B.5}% 79
\BOOKMARK [3][-]{subsubsection.B.5.3}{\376\377\000Q\000u\000a\000n\000t\000i\000z\000a\000t\000i\000o\000n\000\040\000D\000i\000s\000t\000o\000r\000t\000i\000o\000n}{subsection.B.5}% 80
\BOOKMARK [2][-]{subsection.B.6}{\376\377\000E\000n\000t\000r\000o\000p\000y\000\040\000C\000o\000d\000i\000n\000g}{appendix.B}% 81
\BOOKMARK [3][-]{subsubsection.B.6.1}{\376\377\000C\000o\000n\000t\000e\000x\000t\000-\000A\000d\000a\000p\000t\000i\000v\000e\000\040\000B\000i\000n\000a\000r\000y\000\040\000A\000r\000i\000t\000h\000m\000e\000t\000i\000c\000\040\000C\000o\000d\000i\000n\000g\000\040\000\050\000C\000A\000B\000A\000C\000\051}{subsection.B.6}% 82
\BOOKMARK [3][-]{subsubsection.B.6.2}{\376\377\000M\000u\000l\000t\000i\000-\000S\000y\000m\000b\000o\000l\000\040\000A\000r\000i\000t\000h\000m\000e\000t\000i\000c\000\040\000C\000o\000d\000i\000n\000g\000\040\000i\000n\000\040\000A\000V\0001}{subsection.B.6}% 83
\BOOKMARK [2][-]{subsection.B.7}{\376\377\000I\000n\000-\000L\000o\000o\000p\000\040\000F\000i\000l\000t\000e\000r\000i\000n\000g}{appendix.B}% 84
\BOOKMARK [2][-]{subsection.B.8}{\376\377\000C\000o\000d\000e\000c\000\040\000L\000i\000n\000e\000a\000g\000e\000:\000\040\000M\000P\000E\000G\000/\000I\000T\000U\000\040\000F\000a\000m\000i\000l\000y}{appendix.B}% 85
\BOOKMARK [3][-]{subsubsection.B.8.1}{\376\377\000H\000.\0002\0006\0004\000/\000A\000V\000C\000\040\000\050\0002\0000\0000\0003\000\051}{subsection.B.8}% 86
\BOOKMARK [3][-]{subsubsection.B.8.2}{\376\377\000H\000.\0002\0006\0005\000/\000H\000E\000V\000C\000\040\000\050\0002\0000\0001\0003\000\051}{subsection.B.8}% 87
\BOOKMARK [3][-]{subsubsection.B.8.3}{\376\377\000H\000.\0002\0006\0006\000/\000V\000V\000C\000\040\000\050\0002\0000\0002\0000\000\051}{subsection.B.8}% 88
\BOOKMARK [2][-]{subsection.B.9}{\376\377\000C\000o\000d\000e\000c\000\040\000L\000i\000n\000e\000a\000g\000e\000:\000\040\000G\000o\000o\000g\000l\000e\000/\000A\000O\000M\000\040\000F\000a\000m\000i\000l\000y}{appendix.B}% 89
\BOOKMARK [3][-]{subsubsection.B.9.1}{\376\377\000V\000P\0008\000\040\000\050\0002\0000\0001\0000\000\051}{subsection.B.9}% 90
\BOOKMARK [3][-]{subsubsection.B.9.2}{\376\377\000V\000P\0009\000\040\000\050\0002\0000\0001\0003\000\051}{subsection.B.9}% 91
\BOOKMARK [3][-]{subsubsection.B.9.3}{\376\377\000A\000V\0001\000\040\000\050\0002\0000\0001\0008\000\051}{subsection.B.9}% 92
\BOOKMARK [2][-]{subsection.B.10}{\376\377\000B\000l\000o\000c\000k\000\040\000P\000a\000r\000t\000i\000t\000i\000o\000n\000i\000n\000g\000:\000\040\000A\000\040\000G\000e\000n\000e\000r\000a\000t\000i\000o\000n\000a\000l\000\040\000C\000o\000m\000p\000a\000r\000i\000s\000o\000n}{appendix.B}% 93
\BOOKMARK [2][-]{subsection.B.11}{\376\377\000R\000a\000t\000e\000-\000D\000i\000s\000t\000o\000r\000t\000i\000o\000n\000\040\000O\000p\000e\000r\000a\000t\000i\000n\000g\000\040\000P\000o\000i\000n\000t\000s\000\040\000b\000y\000\040\000C\000o\000d\000e\000c}{appendix.B}% 94
\BOOKMARK [2][-]{subsection.B.12}{\376\377\000S\000c\000a\000l\000a\000b\000l\000e\000\040\000V\000i\000d\000e\000o\000\040\000C\000o\000d\000i\000n\000g\000\040\000a\000n\000d\000\040\000S\000i\000m\000u\000l\000c\000a\000s\000t}{appendix.B}% 95
\BOOKMARK [3][-]{subsubsection.B.12.1}{\376\377\000S\000i\000m\000u\000l\000c\000a\000s\000t}{subsection.B.12}% 96
\BOOKMARK [3][-]{subsubsection.B.12.2}{\376\377\000S\000c\000a\000l\000a\000b\000l\000e\000\040\000V\000i\000d\000e\000o\000\040\000C\000o\000d\000i\000n\000g\000\040\000\050\000S\000V\000C\000\051}{subsection.B.12}% 97
\BOOKMARK [2][-]{subsection.B.13}{\376\377\000H\000a\000r\000d\000w\000a\000r\000e\000\040\000v\000s\000.\000\040\000S\000o\000f\000t\000w\000a\000r\000e\000\040\000E\000n\000c\000o\000d\000i\000n\000g}{appendix.B}% 98
\BOOKMARK [3][-]{subsubsection.B.13.1}{\376\377\000E\000n\000c\000o\000d\000i\000n\000g\000\040\000C\000o\000m\000p\000l\000e\000x\000i\000t\000y}{subsection.B.13}% 99
\BOOKMARK [3][-]{subsubsection.B.13.2}{\376\377\000H\000a\000r\000d\000w\000a\000r\000e\000\040\000E\000n\000c\000o\000d\000e\000r\000\040\000A\000r\000c\000h\000i\000t\000e\000c\000t\000u\000r\000e}{subsection.B.13}% 100
\BOOKMARK [3][-]{subsubsection.B.13.3}{\376\377\000H\000a\000r\000d\000w\000a\000r\000e\000\040\000E\000n\000c\000o\000d\000e\000r\000\040\000A\000v\000a\000i\000l\000a\000b\000i\000l\000i\000t\000y}{subsection.B.13}% 101
\BOOKMARK [2][-]{subsection.B.14}{\376\377\000I\000m\000p\000l\000i\000c\000a\000t\000i\000o\000n\000s\000\040\000f\000o\000r\000\040\000R\000e\000a\000l\000-\000T\000i\000m\000e\000\040\000W\000e\000b\000\040\000C\000o\000m\000m\000u\000n\000i\000c\000a\000t\000i\000o\000n}{appendix.B}% 102
